[89234.146550] 
[89234.146550] 
[89234.146550] ===========================
[89234.146550] Inside system calls (sys_add_app)
[89234.146550] ============================
[89234.146550] 
[89234.164992] In function oo_register_process with proc_name = java
[89234.172389] 
[89234.172389] 
[89234.172389] ===========================
[89234.172389] Inside system calls (sys_add_app)
[89234.172389] ============================
[89234.172389] 
[89234.190837] In function oo_register_process with proc_name = python
[89234.198408] OO: Enabled alloc overheads stats
[89235.274234] In function oo_register_process with proc_name = setsid
[89235.286581] In function oo_register_process with proc_name = bash
[89244.540056] In function oo_register_process with proc_name = chmod
[89253.305910]  =================== Listing all Statistics Enabled Applications =========================
[89253.316313] java----------------------------#
[89253.321186] 
[89253.321186] 		Kernel Entry    : 330603     
[89253.321186] 		Kernel Time     : 969865496  
[89253.321186] 		PGFLT Count     : 321804     
[89253.321186] 		PGFLT Minor     : 321709     
[89253.321186] 		PGFLT Major     : 0          
[89253.321186] 		PGFLT Time      : 931577260  
[89253.321186] 		PGFLT Minor Time: 934611305  
[89253.321186] 		PGFLT Major Time: 0          
[89253.321186] 		BRK Count			 : 30         
[89253.321186] 		BRK Time        : 17762      
[89253.321186] 		Mmap Count      : 8671       
[89253.321186] 		Mmap Time       : 34789025   
[89253.321186] 		Mremap Count    : 0          
[89253.321186] 		Memap Time      : 0          
[89253.321186] 		Total Time      : 993007706  
[89253.392381] 		Order: O0 :299008, O1 :48, O2 :1, O3 :216, O4 :0, O5 :0, O6 :0, O7 :0, O8 :0, 
[89253.392381] 			O9 :3711, 
[89253.404711] 		Total Kernel Allocation: 9014755328 (B), 8803472 (KB), 8597 (MB) with PAGE_SIZE = 4096
[89253.404712] 		User Space Requested: 153274401625 (B), 149682032 (KB), 146173 (MB)
[89253.423256] python----------------------------#
[89253.428315] 
[89253.428315] 		Kernel Entry    : 0          
[89253.428315] 		Kernel Time     : 0          
[89253.428315] 		PGFLT Count     : 0          
[89253.428315] 		PGFLT Minor     : 0          
[89253.428315] 		PGFLT Major     : 0          
[89253.428315] 		PGFLT Time      : 0          
[89253.428315] 		PGFLT Minor Time: 0          
[89253.428315] 		PGFLT Major Time: 0          
[89253.428315] 		BRK Count			 : 0          
[89253.428315] 		BRK Time        : 0          
[89253.428315] 		Mmap Count      : 0          
[89253.428315] 		Mmap Time       : 0          
[89253.428315] 		Mremap Count    : 0          
[89253.428315] 		Memap Time      : 0          
[89253.428315] 		Total Time      : 0          
[89253.499503] 		Order: 
[89253.502038] 		Total Kernel Allocation: 0 (B), 0 (KB), 0 (MB) with PAGE_SIZE = 4096
[89253.502039] 		User Space Requested: 0 (B), 0 (KB), 0 (MB)
[89253.516506] setsid----------------------------#
[89253.521563] 
[89253.521563] 		Kernel Entry    : 621        
[89253.521563] 		Kernel Time     : 1412925    
[89253.521563] 		PGFLT Count     : 522        
[89253.521563] 		PGFLT Minor     : 522        
[89253.521563] 		PGFLT Major     : 0          
[89253.521563] 		PGFLT Time      : 1230317    
[89253.521563] 		PGFLT Minor Time: 1230317    
[89253.521563] 		PGFLT Major Time: 0          
[89253.521563] 		BRK Count			 : 27         
[89253.521563] 		BRK Time        : 15144      
[89253.521563] 		Mmap Count      : 72         
[89253.521563] 		Mmap Time       : 167464     
[89253.521563] 		Mremap Count    : 0          
[89253.521563] 		Memap Time      : 0          
[89253.521563] 		Total Time      : 1456395    
[89253.592822] 		Order: O0 :398, O1 :0, O2 :1, 
[89253.597592] 		Total Kernel Allocation: 1646592 (B), 1608 (KB), 1 (MB) with PAGE_SIZE = 4096
[89253.597593] 		User Space Requested: 64089585 (B), 62587 (KB), 61 (MB)
[89253.614102] bash----------------------------#
[89253.618971] 
[89253.618971] 		Kernel Entry    : 1530       
[89253.618971] 		Kernel Time     : 2514512    
[89253.618971] 		PGFLT Count     : 1166       
[89253.618971] 		PGFLT Minor     : 1166       
[89253.618971] 		PGFLT Major     : 0          
[89253.618971] 		PGFLT Time      : 2065943    
[89253.618971] 		PGFLT Minor Time: 2065943    
[89253.618971] 		PGFLT Major Time: 0          
[89253.618971] 		BRK Count			 : 237        
[89253.618971] 		BRK Time        : 159399     
[89253.618971] 		Mmap Count      : 127        
[89253.618971] 		Mmap Time       : 289170     
[89253.618971] 		Mremap Count    : 0          
[89253.618971] 		Memap Time      : 0          
[89253.618971] 		Total Time      : 2621612    
[89253.690188] 		Order: O0 :769, O1 :1, 
[89253.694276] 		Total Kernel Allocation: 3158016 (B), 3084 (KB), 3 (MB) with PAGE_SIZE = 4096
[89253.694277] 		User Space Requested: 103704483 (B), 101273 (KB), 98 (MB)
[89253.710984] chmod----------------------------#
[89253.715943] 
[89253.715943] 		Kernel Entry    : 439        
[89253.715943] 		Kernel Time     : 751710     
[89253.715943] 		PGFLT Count     : 373        
[89253.715943] 		PGFLT Minor     : 373        
[89253.715943] 		PGFLT Major     : 0          
[89253.715943] 		PGFLT Time      : 672512     
[89253.715943] 		PGFLT Minor Time: 672512     
[89253.715943] 		PGFLT Major Time: 0          
[89253.715943] 		BRK Count			 : 18         
[89253.715943] 		BRK Time        : 7000       
[89253.715943] 		Mmap Count      : 48         
[89253.715943] 		Mmap Time       : 72198      
[89253.715943] 		Mremap Count    : 0          
[89253.715943] 		Memap Time      : 0          
[89253.715943] 		Total Time      : 782440     
[89253.787127] 		Order: O0 :238, O1 :2, 
[89253.791215] 		Total Kernel Allocation: 991232 (B), 968 (KB), 0 (MB) with PAGE_SIZE = 4096
[89253.791216] 		User Space Requested: 42726390 (B), 41724 (KB), 40 (MB)
