[89545.149452] 
[89545.149452] 
[89545.149452] ===========================
[89545.149452] Inside system calls (sys_add_app)
[89545.149452] ============================
[89545.149452] 
[89545.167895] In function oo_register_process with proc_name = java
[89545.175321] 
[89545.175321] 
[89545.175321] ===========================
[89545.175321] Inside system calls (sys_add_app)
[89545.175321] ============================
[89545.175321] 
[89545.193762] In function oo_register_process with proc_name = python
[89545.201294] OO: Enabled alloc overheads stats
[89546.276150] In function oo_register_process with proc_name = setsid
[89546.288506] In function oo_register_process with proc_name = bash
[89555.520350] In function oo_register_process with proc_name = chmod
[89558.836409]  =================== Listing all Statistics Enabled Applications =========================
[89558.846811] java----------------------------#
[89558.851680] 
[89558.851680] 		Kernel Entry    : 279231     
[89558.851680] 		Kernel Time     : 789557596  
[89558.851680] 		PGFLT Count     : 271010     
[89558.851680] 		PGFLT Minor     : 270934     
[89558.851680] 		PGFLT Major     : 0          
[89558.851680] 		PGFLT Time      : 755112376  
[89558.851680] 		PGFLT Minor Time: 758269297  
[89558.851680] 		PGFLT Major Time: 0          
[89558.851680] 		BRK Count			 : 30         
[89558.851680] 		BRK Time        : 16224      
[89558.851680] 		Mmap Count      : 8183       
[89558.851680] 		Mmap Time       : 30957336   
[89558.851680] 		Mremap Count    : 0          
[89558.851680] 		Memap Time      : 0          
[89558.851680] 		Total Time      : 809103766  
[89558.922873] 		Order: O0 :266796, O1 :65, O2 :1, O3 :214, O4 :0, O5 :0, O6 :0, O7 :0, O8 :0, 
[89558.922873] 			O9 :3175, 
[89558.935203] 		Total Kernel Allocation: 7758815232 (B), 7576968 (KB), 7399 (MB) with PAGE_SIZE = 4096
[89558.935204] 		User Space Requested: 147800260931 (B), 144336192 (KB), 140953 (MB)
[89558.953736] python----------------------------#
[89558.958793] 
[89558.958793] 		Kernel Entry    : 0          
[89558.958793] 		Kernel Time     : 0          
[89558.958793] 		PGFLT Count     : 0          
[89558.958793] 		PGFLT Minor     : 0          
[89558.958793] 		PGFLT Major     : 0          
[89558.958793] 		PGFLT Time      : 0          
[89558.958793] 		PGFLT Minor Time: 0          
[89558.958793] 		PGFLT Major Time: 0          
[89558.958793] 		BRK Count			 : 0          
[89558.958793] 		BRK Time        : 0          
[89558.958793] 		Mmap Count      : 0          
[89558.958793] 		Mmap Time       : 0          
[89558.958793] 		Mremap Count    : 0          
[89558.958793] 		Memap Time      : 0          
[89558.958793] 		Total Time      : 0          
[89559.029983] 		Order: 
[89559.032517] 		Total Kernel Allocation: 0 (B), 0 (KB), 0 (MB) with PAGE_SIZE = 4096
[89559.032517] 		User Space Requested: 0 (B), 0 (KB), 0 (MB)
[89559.046992] setsid----------------------------#
[89559.052047] 
[89559.052047] 		Kernel Entry    : 620        
[89559.052047] 		Kernel Time     : 1430737    
[89559.052047] 		PGFLT Count     : 521        
[89559.052047] 		PGFLT Minor     : 521        
[89559.052047] 		PGFLT Major     : 0          
[89559.052047] 		PGFLT Time      : 1233658    
[89559.052047] 		PGFLT Minor Time: 1238769    
[89559.052047] 		PGFLT Major Time: 0          
[89559.052047] 		BRK Count			 : 27         
[89559.052047] 		BRK Time        : 13605      
[89559.052047] 		Mmap Count      : 72         
[89559.052047] 		Mmap Time       : 178363     
[89559.052047] 		Mremap Count    : 0          
[89559.052047] 		Memap Time      : 0          
[89559.052047] 		Total Time      : 1474137    
[89559.123233] 		Order: O0 :396, O1 :0, O2 :6, 
[89559.127990] 		Total Kernel Allocation: 1720320 (B), 1680 (KB), 1 (MB) with PAGE_SIZE = 4096
[89559.127991] 		User Space Requested: 64089585 (B), 62587 (KB), 61 (MB)
[89559.144498] bash----------------------------#
[89559.149359] 
[89559.149359] 		Kernel Entry    : 1536       
[89559.149359] 		Kernel Time     : 2459482    
[89559.149359] 		PGFLT Count     : 1172       
[89559.149359] 		PGFLT Minor     : 1172       
[89559.149359] 		PGFLT Major     : 0          
[89559.149359] 		PGFLT Time      : 1994380    
[89559.149359] 		PGFLT Minor Time: 1997018    
[89559.149359] 		PGFLT Major Time: 0          
[89559.149359] 		BRK Count			 : 237        
[89559.149359] 		BRK Time        : 198820     
[89559.149359] 		Mmap Count      : 127        
[89559.149359] 		Mmap Time       : 263644     
[89559.149359] 		Mremap Count    : 0          
[89559.149359] 		Memap Time      : 0          
[89559.149359] 		Total Time      : 2567002    
[89559.220545] 		Order: O0 :766, 
[89559.223951] 		Total Kernel Allocation: 3137536 (B), 3064 (KB), 2 (MB) with PAGE_SIZE = 4096
[89559.223951] 		User Space Requested: 103704483 (B), 101273 (KB), 98 (MB)
[89559.240655] chmod----------------------------#
[89559.245614] 
[89559.245614] 		Kernel Entry    : 435        
[89559.245614] 		Kernel Time     : 774542     
[89559.245614] 		PGFLT Count     : 369        
[89559.245614] 		PGFLT Minor     : 369        
[89559.245614] 		PGFLT Major     : 0          
[89559.245614] 		PGFLT Time      : 690835     
[89559.245614] 		PGFLT Minor Time: 690835     
[89559.245614] 		PGFLT Major Time: 0          
[89559.245614] 		BRK Count			 : 18         
[89559.245614] 		BRK Time        : 7591       
[89559.245614] 		Mmap Count      : 48         
[89559.245614] 		Mmap Time       : 76116      
[89559.245614] 		Mremap Count    : 0          
[89559.245614] 		Memap Time      : 0          
[89559.245614] 		Total Time      : 804992     
[89559.316800] 		Order: O0 :234, O1 :1, 
[89559.320879] 		Total Kernel Allocation: 966656 (B), 944 (KB), 0 (MB) with PAGE_SIZE = 4096
[89559.320880] 		User Space Requested: 42726390 (B), 41724 (KB), 40 (MB)
